<?xml version="1.0" encoding="UTF-8"?>
<testng-results skipped="0" failed="0" total="9" passed="9">
  <reporter-output>
  </reporter-output>
  <suite name="Suite A" duration-ms="31027" started-at="2016-04-21T18:28:40Z" finished-at="2016-04-21T18:29:11Z">
    <groups>
    </groups>
    <test name="First Class" duration-ms="30662" started-at="2016-04-21T18:28:40Z" finished-at="2016-04-21T18:29:11Z">
      <class name="com.qtp.selenium.Test1">
        <test-method status="PASS" signature="abc()[pri:0, instance:com.qtp.selenium.Test1@327471b5]" name="abc" duration-ms="30612" started-at="2016-04-21T11:28:40Z" finished-at="2016-04-21T11:29:11Z">
          <reporter-output>
          </reporter-output>
        </test-method> <!-- abc -->
      </class> <!-- com.qtp.selenium.Test1 -->
    </test> <!-- First Class -->
    <test name="Fifth Class" duration-ms="2" started-at="2016-04-21T18:29:11Z" finished-at="2016-04-21T18:29:11Z">
      <class name="package1.Test3">
        <test-method status="PASS" signature="test3()[pri:0, instance:package1.Test3@2096442d]" name="test3" duration-ms="1" started-at="2016-04-21T11:29:11Z" finished-at="2016-04-21T11:29:11Z">
          <reporter-output>
          </reporter-output>
        </test-method> <!-- test3 -->
      </class> <!-- package1.Test3 -->
    </test> <!-- Fifth Class -->
    <test name="Second Class" duration-ms="5" started-at="2016-04-21T18:29:11Z" finished-at="2016-04-21T18:29:11Z">
      <class name="com.qtp.selenium.Class2">
        <test-method status="PASS" signature="Class1_2()[pri:0, instance:com.qtp.selenium.Class2@13c78c0b]" name="Class1_2" duration-ms="1" started-at="2016-04-21T11:29:11Z" finished-at="2016-04-21T11:29:11Z">
          <reporter-output>
          </reporter-output>
        </test-method> <!-- Class1_2 -->
        <test-method status="PASS" signature="Class2_1()[pri:0, instance:com.qtp.selenium.Class2@13c78c0b]" name="Class2_1" duration-ms="0" started-at="2016-04-21T11:29:11Z" finished-at="2016-04-21T11:29:11Z">
          <reporter-output>
          </reporter-output>
        </test-method> <!-- Class2_1 -->
        <test-method status="PASS" signature="Class2_3()[pri:0, instance:com.qtp.selenium.Class2@13c78c0b]" name="Class2_3" duration-ms="1" started-at="2016-04-21T11:29:11Z" finished-at="2016-04-21T11:29:11Z">
          <reporter-output>
          </reporter-output>
        </test-method> <!-- Class2_3 -->
      </class> <!-- com.qtp.selenium.Class2 -->
    </test> <!-- Second Class -->
    <test name="Third Class" duration-ms="8" started-at="2016-04-21T18:29:11Z" finished-at="2016-04-21T18:29:11Z">
      <class name="com.qtp.selenium.Class3">
        <test-method status="PASS" signature="Class3_1()[pri:0, instance:com.qtp.selenium.Class3@7ca48474]" name="Class3_1" duration-ms="1" started-at="2016-04-21T11:29:11Z" finished-at="2016-04-21T11:29:11Z">
          <reporter-output>
          </reporter-output>
        </test-method> <!-- Class3_1 -->
        <test-method status="PASS" signature="Class3_2()[pri:0, instance:com.qtp.selenium.Class3@7ca48474]" name="Class3_2" duration-ms="0" started-at="2016-04-21T11:29:11Z" finished-at="2016-04-21T11:29:11Z">
          <reporter-output>
          </reporter-output>
        </test-method> <!-- Class3_2 -->
        <test-method status="PASS" signature="Class3_3()[pri:0, instance:com.qtp.selenium.Class3@7ca48474]" name="Class3_3" duration-ms="0" started-at="2016-04-21T11:29:11Z" finished-at="2016-04-21T11:29:11Z">
          <reporter-output>
          </reporter-output>
        </test-method> <!-- Class3_3 -->
      </class> <!-- com.qtp.selenium.Class3 -->
    </test> <!-- Third Class -->
    <test name="Fourth Class" duration-ms="2" started-at="2016-04-21T18:29:11Z" finished-at="2016-04-21T18:29:11Z">
      <class name="package1.Test2">
        <test-method status="PASS" signature="test2()[pri:0, instance:package1.Test2@3c09711b]" name="test2" duration-ms="1" started-at="2016-04-21T11:29:11Z" finished-at="2016-04-21T11:29:11Z">
          <reporter-output>
          </reporter-output>
        </test-method> <!-- test2 -->
      </class> <!-- package1.Test2 -->
    </test> <!-- Fourth Class -->
  </suite> <!-- Suite A -->
</testng-results>
