<?xml version="1.0" encoding="UTF-8"?>
<!-- Generated by org.testng.reporters.JUnitXMLReporter -->
<testsuite hostname="harsimrandhanoa" name="Third Class" tests="3" failures="0" timestamp="21 Apr 2016 18:29:11 GMT" time="0.008" errors="0">
  <testcase name="Class3_1" time="0.001" classname="com.qtp.selenium.Class3"/>
  <testcase name="Class3_2" time="0.0" classname="com.qtp.selenium.Class3"/>
  <testcase name="Class3_3" time="0.0" classname="com.qtp.selenium.Class3"/>
</testsuite> <!-- Third Class -->
